Using pre-set license
Built from '6000.0/staging' branch; Version is '6000.0.23f1 (1c4764c07fb4) revision 1853284'; Using compiler version '193933523'; Build Type 'Release'
OS: 'Windows 10  (10.0.19045) 64bit Core' Language: 'ko' Physical Memory: 32712 MB
BatchMode: 1, IsHumanControllingUs: 0, StartBugReporterOnCrash: 0, Is64bit: 1, IsPro: 1

COMMAND LINE ARGUMENTS:
E:\joonghoon\unity\6000.0.23f1\Editor\Unity.exe
-adb2
-batchMode
-noUpm
-name
AssetImportWorker0
-projectPath
E:/joonghoon/EngineStudy
-logFile
Logs/AssetImportWorker0.log
-srvPort
8889
-job-worker-count
5
-background-job-worker-count
8
-asset-garbage-collectors
1
Successfully changed project path to: E:/joonghoon/EngineStudy
E:/joonghoon/EngineStudy
[UnityMemory] Configuration Parameters - Can be set up in boot.config
    "memorysetup-bucket-allocator-granularity=16"
    "memorysetup-bucket-allocator-bucket-count=8"
    "memorysetup-bucket-allocator-block-size=33554432"
    "memorysetup-bucket-allocator-block-count=8"
    "memorysetup-main-allocator-block-size=16777216"
    "memorysetup-thread-allocator-block-size=16777216"
    "memorysetup-gfx-main-allocator-block-size=16777216"
    "memorysetup-gfx-thread-allocator-block-size=16777216"
    "memorysetup-cache-allocator-block-size=4194304"
    "memorysetup-typetree-allocator-block-size=2097152"
    "memorysetup-profiler-bucket-allocator-granularity=16"
    "memorysetup-profiler-bucket-allocator-bucket-count=8"
    "memorysetup-profiler-bucket-allocator-block-size=33554432"
    "memorysetup-profiler-bucket-allocator-block-count=8"
    "memorysetup-profiler-allocator-block-size=16777216"
    "memorysetup-profiler-editor-allocator-block-size=1048576"
    "memorysetup-temp-allocator-size-main=16777216"
    "memorysetup-job-temp-allocator-block-size=2097152"
    "memorysetup-job-temp-allocator-block-size-background=1048576"
    "memorysetup-job-temp-allocator-reduction-small-platforms=262144"
    "memorysetup-allocator-temp-initial-block-size-main=262144"
    "memorysetup-allocator-temp-initial-block-size-worker=262144"
    "memorysetup-temp-allocator-size-background-worker=32768"
    "memorysetup-temp-allocator-size-job-worker=262144"
    "memorysetup-temp-allocator-size-preload-manager=33554432"
    "memorysetup-temp-allocator-size-nav-mesh-worker=65536"
    "memorysetup-temp-allocator-size-audio-worker=65536"
    "memorysetup-temp-allocator-size-cloud-worker=32768"
    "memorysetup-temp-allocator-size-gi-baking-worker=262144"
    "memorysetup-temp-allocator-size-gi-baking-worker=262144"
    "memorysetup-temp-allocator-size-gi-baking-worker=262144"
    "memorysetup-temp-allocator-size-gi-baking-worker=262144"
    "memorysetup-temp-allocator-size-gi-baking-worker=262144"
    "memorysetup-temp-allocator-size-gfx=262144"
Player connection [29388]  Target information:

Player connection [29388]  * "[IP] 192.168.35.26 [Port] 0 [Flags] 2 [Guid] 4126625094 [EditorId] 4126625094 [Version] 1048832 [Id] WindowsEditor(7,DESKTOP-MVSQ445) [Debug] 1 [PackageName] WindowsEditor [ProjectName] Editor" 

Player connection [29388] Host joined multi-casting on [225.0.0.222:54997]...
Player connection [29388] Host joined alternative multi-casting on [225.0.0.222:34997]...
JobSystem: Creating JobQueue using job-worker-count value 5
[Physics::Module] Initialized fallback backend.
[Physics::Module] Id: 0xdecafbad
Library Redirect Path: Library/
[Physics::Module] Selected backend.
[Physics::Module] Name: PhysX
[Physics::Module] Id: 0xf2b8ea05
[Physics::Module] SDK Version: 4.1.2
[Physics::Module] Integration Version: 1.0.0
[Physics::Module] Threading Mode: Multi-Threaded
Refreshing native plugins compatible for Editor in 2.34 ms, found 3 plugins.
Preloading 0 native plugins for Editor in 0.00 ms.
Initialize engine version: 6000.0.23f1 (1c4764c07fb4)
[Subsystems] Discovering subsystems at path E:/joonghoon/unity/6000.0.23f1/Editor/Data/Resources/UnitySubsystems
[Subsystems] Discovering subsystems at path E:/joonghoon/EngineStudy/Assets
GfxDevice: creating device client; kGfxThreadingModeNonThreaded
Direct3D:
    Version:  Direct3D 11.0 [level 11.1]
    Renderer: NVIDIA GeForce RTX 3060 (ID=0x2504)
    Vendor:   NVIDIA
    VRAM:     12115 MB
    Driver:   32.0.15.6094
Initialize mono
Mono path[0] = 'E:/joonghoon/unity/6000.0.23f1/Editor/Data/Managed'
Mono path[1] = 'E:/joonghoon/unity/6000.0.23f1/Editor/Data/MonoBleedingEdge/lib/mono/unityjit-win32'
Mono config path = 'E:/joonghoon/unity/6000.0.23f1/Editor/Data/MonoBleedingEdge/etc'
Using monoOptions --debugger-agent=transport=dt_socket,embedding=1,server=y,suspend=n,address=127.0.0.1:56240
Begin MonoManager ReloadAssembly
Registering precompiled unity dll's ...
Register platform support module: E:/joonghoon/unity/6000.0.23f1/Editor/Data/PlaybackEngines/WebGLSupport/UnityEditor.WebGL.Extensions.dll
Register platform support module: E:/joonghoon/unity/6000.0.23f1/Editor/Data/PlaybackEngines/WindowsStandaloneSupport/UnityEditor.WindowsStandalone.Extensions.dll
Register platform support module: E:/joonghoon/unity/6000.0.23f1/Editor/Data/PlaybackEngines/AndroidPlayer/UnityEditor.Android.Extensions.dll
Register platform support module: E:/joonghoon/unity/6000.0.23f1/Editor/Data/PlaybackEngines/iOSSupport/UnityEditor.iOS.Extensions.dll
Registered in 0.007462 seconds.
- Loaded All Assemblies, in  0.418 seconds
[usbmuxd] Start listen thread
[usbmuxd] Listen thread started
Native extension for iOS target not found
Native extension for Android target not found
Android Extension - Scanning For ADB Devices 1898 ms
Native extension for WindowsStandalone target not found
Native extension for WebGL target not found
Mono: successfully reloaded assembly
- Finished resetting the current domain, in  2.244 seconds
Domain Reload Profiling: 2662ms
	BeginReloadAssembly (146ms)
		ExecutionOrderSort (0ms)
		DisableScriptedObjects (0ms)
		BackupInstance (0ms)
		ReleaseScriptingObjects (0ms)
		CreateAndSetChildDomain (1ms)
	RebuildCommonClasses (36ms)
	RebuildNativeTypeToScriptingClass (13ms)
	initialDomainReloadingComplete (49ms)
	LoadAllAssembliesAndSetupDomain (173ms)
		LoadAssemblies (147ms)
		RebuildTransferFunctionScriptingTraits (0ms)
		AnalyzeDomain (168ms)
			TypeCache.Refresh (167ms)
				TypeCache.ScanAssembly (152ms)
			BuildScriptInfoCaches (0ms)
			ResolveRequiredComponents (0ms)
	FinalizeReload (2244ms)
		ReleaseScriptCaches (0ms)
		RebuildScriptCaches (0ms)
		SetupLoadedEditorAssemblies (2204ms)
			LogAssemblyErrors (0ms)
			InitializePlatformSupportModulesInManaged (1988ms)
			SetLoadedEditorAssemblies (4ms)
			BeforeProcessingInitializeOnLoad (6ms)
			ProcessInitializeOnLoadAttributes (129ms)
			ProcessInitializeOnLoadMethodAttributes (75ms)
			AfterProcessingInitializeOnLoad (3ms)
			EditorAssembliesLoaded (0ms)
		ExecutionOrderSort2 (0ms)
		AwakeInstancesAfterBackupRestoration (0ms)
========================================================================
Worker process is ready to serve import requests
Import Worker Mode flag is 0x00
Begin MonoManager ReloadAssembly
- Loaded All Assemblies, in  0.866 seconds
Refreshing native plugins compatible for Editor in 1.82 ms, found 3 plugins.
Native extension for iOS target not found
Native extension for Android target not found
Native extension for WindowsStandalone target not found
Native extension for WebGL target not found
Mono: successfully reloaded assembly
- Finished resetting the current domain, in  0.687 seconds
Domain Reload Profiling: 1552ms
	BeginReloadAssembly (422ms)
		ExecutionOrderSort (0ms)
		DisableScriptedObjects (6ms)
		BackupInstance (0ms)
		ReleaseScriptingObjects (0ms)
		CreateAndSetChildDomain (43ms)
	RebuildCommonClasses (37ms)
	RebuildNativeTypeToScriptingClass (9ms)
	initialDomainReloadingComplete (32ms)
	LoadAllAssembliesAndSetupDomain (365ms)
		LoadAssemblies (314ms)
		RebuildTransferFunctionScriptingTraits (0ms)
		AnalyzeDomain (181ms)
			TypeCache.Refresh (138ms)
				TypeCache.ScanAssembly (123ms)
			BuildScriptInfoCaches (36ms)
			ResolveRequiredComponents (5ms)
	FinalizeReload (687ms)
		ReleaseScriptCaches (0ms)
		RebuildScriptCaches (0ms)
		SetupLoadedEditorAssemblies (455ms)
			LogAssemblyErrors (0ms)
			InitializePlatformSupportModulesInManaged (20ms)
			SetLoadedEditorAssemblies (4ms)
			BeforeProcessingInitializeOnLoad (40ms)
			ProcessInitializeOnLoadAttributes (368ms)
			ProcessInitializeOnLoadMethodAttributes (19ms)
			AfterProcessingInitializeOnLoad (4ms)
			EditorAssembliesLoaded (0ms)
		ExecutionOrderSort2 (0ms)
		AwakeInstancesAfterBackupRestoration (11ms)
Launched and connected shader compiler UnityShaderCompiler.exe after 0.01 seconds
Refreshing native plugins compatible for Editor in 1.21 ms, found 3 plugins.
Preloading 0 native plugins for Editor in 0.00 ms.
Unloading 9 Unused Serialized files (Serialized files now loaded: 0)
Unloading 3656 unused Assets / (0.9 MB). Loaded Objects now: 4245.
Memory consumption went from 113.1 MB to 112.3 MB.
Total: 4.974500 ms (FindLiveObjects: 0.338500 ms CreateObjectMapping: 0.158300 ms MarkObjects: 3.828800 ms  DeleteObjects: 0.648300 ms)

========================================================================
Received Prepare
Begin MonoManager ReloadAssembly
IOException: Sharing violation on path E:\joonghoon\EngineStudy\ProjectSettings\Packages\com.unity.testtools.codecoverage\Settings.json
  at System.IO.FileStream..ctor (System.String path, System.IO.FileMode mode, System.IO.FileAccess access, System.IO.FileShare share, System.Int32 bufferSize, System.Boolean anonymous, System.IO.FileOptions options) [0x0019e] in <321eb2db7c6d43ea8fc39b54eaca3452>:0 
  at System.IO.FileStream..ctor (System.String path, System.IO.FileMode mode, System.IO.FileAccess access, System.IO.FileShare share, System.Int32 bufferSize, System.IO.FileOptions options) [0x00000] in <321eb2db7c6d43ea8fc39b54eaca3452>:0 
  at (wrapper remoting-invoke-with-check) System.IO.FileStream..ctor(string,System.IO.FileMode,System.IO.FileAccess,System.IO.FileShare,int,System.IO.FileOptions)
  at System.IO.StreamWriter..ctor (System.String path, System.Boolean append, System.Text.Encoding encoding, System.Int32 bufferSize) [0x00055] in <321eb2db7c6d43ea8fc39b54eaca3452>:0 
  at System.IO.StreamWriter..ctor (System.String path) [0x00008] in <321eb2db7c6d43ea8fc39b54eaca3452>:0 
  at (wrapper remoting-invoke-with-check) System.IO.StreamWriter..ctor(string)
  at System.IO.File.WriteAllText (System.String path, System.String contents) [0x00026] in <321eb2db7c6d43ea8fc39b54eaca3452>:0 
  at UnityEditor.SettingsManagement.FileSettingsRepository.Save () [0x000e2] in .\Library\PackageCache\com.unity.settings-manager\Editor\FileSettingsRepository.cs:154 
  at UnityEditor.AssemblyReloadEvents.OnBeforeAssemblyReload () [0x00017] in <1f8babe234e540299e4f7387cdc20cd8>:0 

(Filename: ./Library/PackageCache/com.unity.settings-manager/Editor/FileSettingsRepository.cs Line: 154)

- Loaded All Assemblies, in  0.586 seconds
Refreshing native plugins compatible for Editor in 1.06 ms, found 3 plugins.
Native extension for iOS target not found
Native extension for Android target not found
Native extension for WindowsStandalone target not found
Native extension for WebGL target not found
Mono: successfully reloaded assembly
- Finished resetting the current domain, in  0.661 seconds
Domain Reload Profiling: 1248ms
	BeginReloadAssembly (211ms)
		ExecutionOrderSort (0ms)
		DisableScriptedObjects (5ms)
		BackupInstance (0ms)
		ReleaseScriptingObjects (0ms)
		CreateAndSetChildDomain (42ms)
	RebuildCommonClasses (32ms)
	RebuildNativeTypeToScriptingClass (11ms)
	initialDomainReloadingComplete (22ms)
	LoadAllAssembliesAndSetupDomain (311ms)
		LoadAssemblies (297ms)
		RebuildTransferFunctionScriptingTraits (0ms)
		AnalyzeDomain (135ms)
			TypeCache.Refresh (9ms)
				TypeCache.ScanAssembly (0ms)
			BuildScriptInfoCaches (119ms)
			ResolveRequiredComponents (4ms)
	FinalizeReload (662ms)
		ReleaseScriptCaches (0ms)
		RebuildScriptCaches (0ms)
		SetupLoadedEditorAssemblies (459ms)
			LogAssemblyErrors (0ms)
			InitializePlatformSupportModulesInManaged (17ms)
			SetLoadedEditorAssemblies (5ms)
			BeforeProcessingInitializeOnLoad (43ms)
			ProcessInitializeOnLoadAttributes (370ms)
			ProcessInitializeOnLoadMethodAttributes (20ms)
			AfterProcessingInitializeOnLoad (5ms)
			EditorAssembliesLoaded (0ms)
		ExecutionOrderSort2 (0ms)
		AwakeInstancesAfterBackupRestoration (12ms)
Refreshing native plugins compatible for Editor in 1.07 ms, found 3 plugins.
Preloading 0 native plugins for Editor in 0.00 ms.
Unloading 1 Unused Serialized files (Serialized files now loaded: 0)
Unloading 3667 unused Assets / (0.8 MB). Loaded Objects now: 4259.
Memory consumption went from 110.8 MB to 110.0 MB.
Total: 5.256800 ms (FindLiveObjects: 0.398800 ms CreateObjectMapping: 0.168400 ms MarkObjects: 3.996900 ms  DeleteObjects: 0.691900 ms)

Prepare: number of updated asset objects reloaded= 0
========================================================================
Received Import Request.
  Time since last request: 7632.428509 seconds.
  path: Assets/UnityChan
  artifactKey: Guid(e22bb5b48ba97435ab1891ac2638c592) Importer(815301076,1909f56bfc062723c751e8b465ee728b)
Start importing Assets/UnityChan using Guid(e22bb5b48ba97435ab1891ac2638c592) Importer(815301076,1909f56bfc062723c751e8b465ee728b) (PreviewImporter) -> (artifact id: 'e06ca7b33d9016bbfafe6bdff9101638') in 0.0051133 seconds
Number of updated asset objects reloaded before import = 0Number of asset objects unloaded after import = 0

========================================================================
Received Import Request.
  Time since last request: 4.558097 seconds.
  path: Assets/UnityChan/Models
  artifactKey: Guid(2b77541e075d843968093fb7aaedd634) Importer(815301076,1909f56bfc062723c751e8b465ee728b)
Start importing Assets/UnityChan/Models using Guid(2b77541e075d843968093fb7aaedd634) Importer(815301076,1909f56bfc062723c751e8b465ee728b) (PreviewImporter) -> (artifact id: '337c820e7d423bb5fabe9ccfa49019e6') in 0.0005151 seconds
Number of updated asset objects reloaded before import = 0Number of asset objects unloaded after import = 0

========================================================================
Received Import Request.
  Time since last request: 0.058941 seconds.
  path: Assets/UnityChan/Models/BoxUnityChan.fbx
  artifactKey: Guid(d6dad0fb52ba12f458cc7ffb66882391) Importer(815301076,1909f56bfc062723c751e8b465ee728b)
Start importing Assets/UnityChan/Models/BoxUnityChan.fbx using Guid(d6dad0fb52ba12f458cc7ffb66882391) Importer(815301076,1909f56bfc062723c751e8b465ee728b) (PreviewImporter) -> (artifact id: '9aa7677460e6a68c7fbfb287146c4a9f') in 0.3415289 seconds
Number of updated asset objects reloaded before import = 0Number of asset objects unloaded after import = 455

========================================================================
Received Import Request.
  Time since last request: 2.008207 seconds.
  path: Assets/UnityChan/Models/Materials
  artifactKey: Guid(711fff8ed805d4669bb1be75a0fed3d2) Importer(815301076,1909f56bfc062723c751e8b465ee728b)
Start importing Assets/UnityChan/Models/Materials using Guid(711fff8ed805d4669bb1be75a0fed3d2) Importer(815301076,1909f56bfc062723c751e8b465ee728b) (PreviewImporter) -> (artifact id: '915e0177e297d78c0d6b6175635466b7') in 0.0005707 seconds
Number of updated asset objects reloaded before import = 0Number of asset objects unloaded after import = 0

========================================================================
Received Import Request.
  Time since last request: 0.102995 seconds.
  path: Assets/UnityChan/Models/Materials/body.mat
  artifactKey: Guid(bb570020a8c3bad4bbf803af20e78937) Importer(815301076,1909f56bfc062723c751e8b465ee728b)
Start importing Assets/UnityChan/Models/Materials/body.mat using Guid(bb570020a8c3bad4bbf803af20e78937) Importer(815301076,1909f56bfc062723c751e8b465ee728b) (PreviewImporter) -> (artifact id: 'b67c1aa0b2e3b4a31877b642f2a0132f') in 0.0313339 seconds
Number of updated asset objects reloaded before import = 0Number of asset objects unloaded after import = 5

========================================================================
Received Import Request.
  Time since last request: 0.000017 seconds.
  path: Assets/UnityChan/Models/Materials/Left.mat
  artifactKey: Guid(00cf17fb11d4e76448c2096f7ee6aa4f) Importer(815301076,1909f56bfc062723c751e8b465ee728b)
Start importing Assets/UnityChan/Models/Materials/Left.mat using Guid(00cf17fb11d4e76448c2096f7ee6aa4f) Importer(815301076,1909f56bfc062723c751e8b465ee728b) (PreviewImporter) -> (artifact id: '0596156ceb952863f23006cd77ca7dbc') in 0.0118617 seconds
Number of updated asset objects reloaded before import = 0Number of asset objects unloaded after import = 1

========================================================================
Received Import Request.
  Time since last request: 0.000027 seconds.
  path: Assets/UnityChan/Models/Materials/eyebase.mat
  artifactKey: Guid(9bec51fc47eda6047ba5cc01addbf46f) Importer(815301076,1909f56bfc062723c751e8b465ee728b)
Start importing Assets/UnityChan/Models/Materials/eyebase.mat using Guid(9bec51fc47eda6047ba5cc01addbf46f) Importer(815301076,1909f56bfc062723c751e8b465ee728b) (PreviewImporter) -> (artifact id: '8f42f678bafd13ffe3ab24a1f1cf466e') in 0.0061657 seconds
Number of updated asset objects reloaded before import = 0Number of asset objects unloaded after import = 2

========================================================================
Received Import Request.
  Time since last request: 0.000075 seconds.
  path: Assets/UnityChan/Models/Materials/mat_cheek.mat
  artifactKey: Guid(5f9d44654b83160428d7c4cf276b3572) Importer(815301076,1909f56bfc062723c751e8b465ee728b)
Start importing Assets/UnityChan/Models/Materials/mat_cheek.mat using Guid(5f9d44654b83160428d7c4cf276b3572) Importer(815301076,1909f56bfc062723c751e8b465ee728b) (PreviewImporter) -> (artifact id: '23a9906126c6720ff22b18bfd26e22a4') in 0.0106982 seconds
Number of updated asset objects reloaded before import = 0Number of asset objects unloaded after import = 2

========================================================================
Received Import Request.
  Time since last request: 0.000020 seconds.
  path: Assets/UnityChan/Models/Materials/hair.mat
  artifactKey: Guid(5ebb6caef8207d243a588a574971408c) Importer(815301076,1909f56bfc062723c751e8b465ee728b)
Start importing Assets/UnityChan/Models/Materials/hair.mat using Guid(5ebb6caef8207d243a588a574971408c) Importer(815301076,1909f56bfc062723c751e8b465ee728b) (PreviewImporter) -> (artifact id: '1830aa5c1dc4569c448e9b84f6352326') in 0.0130033 seconds
Number of updated asset objects reloaded before import = 0Number of asset objects unloaded after import = 5

========================================================================
Received Import Request.
  Time since last request: 43.574745 seconds.
  path: Assets/UnityChan/Prefabs/Directional light for UnityChan.prefab
  artifactKey: Guid(b76c71a1e3f6c4fdab657f4fbf5466de) Importer(815301076,1909f56bfc062723c751e8b465ee728b)
Start importing Assets/UnityChan/Prefabs/Directional light for UnityChan.prefab using Guid(b76c71a1e3f6c4fdab657f4fbf5466de) Importer(815301076,1909f56bfc062723c751e8b465ee728b) (PreviewImporter) -> (artifact id: '860a596aef14726735d2837637bb16d3') in 0.0016077 seconds
Number of updated asset objects reloaded before import = 0Number of asset objects unloaded after import = 5

========================================================================
Received Import Request.
  Time since last request: 0.000017 seconds.
  path: Assets/UnityChan/Prefabs/unitychan_dynamic.prefab
  artifactKey: Guid(49f2055d53eeb4e5a92af590a44bddee) Importer(815301076,1909f56bfc062723c751e8b465ee728b)
Start importing Assets/UnityChan/Prefabs/unitychan_dynamic.prefab using Guid(49f2055d53eeb4e5a92af590a44bddee) Importer(815301076,1909f56bfc062723c751e8b465ee728b) (PreviewImporter) -> (artifact id: '2b537feb1a4c4799eed0df0c94397a75') in 0.1006233 seconds
Number of updated asset objects reloaded before import = 0Number of asset objects unloaded after import = 637

========================================================================
Received Import Request.
  Time since last request: 0.000024 seconds.
  path: Assets/UnityChan/Prefabs/LookPos.prefab
  artifactKey: Guid(6d5bff5837eca402492a89073b17c2e6) Importer(815301076,1909f56bfc062723c751e8b465ee728b)
Start importing Assets/UnityChan/Prefabs/LookPos.prefab using Guid(6d5bff5837eca402492a89073b17c2e6) Importer(815301076,1909f56bfc062723c751e8b465ee728b) (PreviewImporter) -> (artifact id: '8714ff1235107be01c48fb6c038f7986') in 0.0020458 seconds
Number of updated asset objects reloaded before import = 0Number of asset objects unloaded after import = 4

Editor requested this worker to shutdown with reason: Scaling down because of idle timeout
AssetImportWorker is now disconnected from the server
Process exiting
Exiting without the bug reporter. Application will terminate with return code 0